{
  "RSpec": {
    "coverage": {
      "/Users/koombea/Documents/dev/todo2/config/environment.rb": [
        null,
        1,
        null,
        null,
        1
      ],
      "/Users/koombea/Documents/dev/todo2/config/application.rb": [
        1,
        null,
        1,
        null,
        1,
        null,
        1,
        null,
        null,
        null,
        null,
        1,
        1,
        null,
        null,
        null,
        null,
        null,
        null,
        null,
        null,
        null,
        null,
        null,
        null,
        null,
        null,
        null,
        null,
        null,
        null,
        null,
        null,
        null,
        null,
        null,
        1,
        null,
        null,
        1,
        null,
        null,
        1,
        null,
        null,
        null,
        null,
        null,
        null,
        null,
        null,
        null,
        null,
        1,
        null,
        null,
        1,
        null,
        null,
        1,
        1,
        null,
        null
      ],
      "/Users/koombea/Documents/dev/todo2/config/boot.rb": [
        1,
        null,
        null,
        1,
        null,
        1
      ],
      "/Users/koombea/Documents/dev/todo2/config/environments/test.rb": [
        1,
        null,
        null,
        null,
        null,
        null,
        null,
        1,
        null,
        null,
        1,
        1,
        null,
        null,
        1,
        null,
        null,
        1,
        1,
        null,
        null,
        1,
        null,
        null,
        1,
        null,
        null,
        null,
        null,
        1,
        null,
        null,
        1,
        null,
        null,
        1,
        null
      ],
      "/Users/koombea/Documents/dev/todo2/config/initializers/backtrace_silencers.rb": [
        null,
        null,
        null,
        null,
        null,
        null,
        null
      ],
      "/Users/koombea/Documents/dev/todo2/config/initializers/devise.rb": [
        null,
        null,
        1,
        null,
        null,
        null,
        null,
        1,
        null,
        null,
        null,
        null,
        null,
        null,
        null,
        null,
        1,
        1,
        1,
        null,
        null,
        null,
        null,
        null,
        null,
        null,
        null,
        null,
        null,
        null,
        null,
        null,
        null,
        null,
        null,
        null,
        null,
        null,
        null,
        null,
        1,
        null,
        null,
        null,
        null,
        1,
        null,
        null,
        null,
        null,
        null,
        null,
        null,
        null,
        null,
        null,
        null,
        null,
        null,
        null,
        null,
        null,
        null,
        null,
        null,
        null,
        null,
        null,
        null,
        null,
        null,
        null,
        null,
        null,
        null,
        1,
        null,
        null,
        null,
        null,
        null,
        null,
        null,
        null,
        1,
        null,
        null,
        null,
        null,
        null,
        null,
        null,
        null,
        null,
        null,
        null,
        null,
        null,
        null,
        null,
        null,
        1,
        null,
        null,
        null,
        null,
        null,
        null,
        null,
        null,
        null,
        null,
        null,
        null,
        null,
        null,
        null,
        null,
        null,
        null,
        null,
        null,
        null,
        null,
        null,
        null,
        null,
        null,
        null,
        null,
        null,
        null,
        null,
        null,
        null,
        null,
        null,
        null,
        null,
        null,
        null,
        null,
        null,
        null,
        null,
        null,
        null,
        null,
        null,
        null,
        null,
        null,
        null,
        null,
        null,
        null,
        null,
        null,
        null,
        null,
        null,
        null,
        null,
        null,
        null,
        1,
        null,
        null,
        null,
        null,
        null,
        null,
        null,
        null,
        null,
        null,
        null,
        null,
        null,
        null,
        null,
        null,
        null,
        null,
        null,
        null,
        null,
        null,
        null,
        null,
        null,
        null,
        null,
        null,
        null,
        null,
        null,
        null,
        null,
        null,
        null,
        null,
        null,
        null,
        null,
        1,
        null,
        null,
        null,
        null,
        null,
        null,
        null,
        null,
        null,
        null,
        null,
        null,
        null,
        null,
        null,
        null,
        null,
        null,
        null,
        null,
        null,
        null,
        null,
        null,
        null,
        null,
        null,
        null,
        null
      ],
      "/Users/koombea/Documents/dev/todo2/config/initializers/inflections.rb": [
        null,
        null,
        null,
        null,
        null,
        null,
        null,
        null,
        null,
        null,
        null,
        null,
        null,
        null,
        null
      ],
      "/Users/koombea/Documents/dev/todo2/config/initializers/mime_types.rb": [
        null,
        null,
        null,
        null,
        null
      ],
      "/Users/koombea/Documents/dev/todo2/config/initializers/secret_token.rb": [
        null,
        null,
        null,
        null,
        null,
        null,
        1
      ],
      "/Users/koombea/Documents/dev/todo2/config/initializers/session_store.rb": [
        null,
        null,
        1,
        null,
        null,
        null,
        null,
        null
      ],
      "/Users/koombea/Documents/dev/todo2/config/initializers/wrap_parameters.rb": [
        null,
        null,
        null,
        null,
        null,
        null,
        1,
        1,
        null,
        null,
        null,
        1,
        1,
        null
      ],
      "/Users/koombea/Documents/dev/todo2/config/routes.rb": [
        1,
        null,
        1,
        null,
        1,
        null,
        1,
        1,
        null,
        null
      ],
      "/Users/koombea/Documents/dev/todo2/app/models/user.rb": [
        1,
        null,
        null,
        null,
        1,
        null,
        null,
        1,
        1,
        1,
        1,
        0,
        0,
        0,
        0,
        0,
        null,
        null,
        null,
        null,
        null,
        null,
        null,
        0,
        null,
        null
      ],
      "/Users/koombea/Documents/dev/todo2/app/controllers/application_controller.rb": [
        1,
        1,
        null
      ],
      "/Users/koombea/Documents/dev/todo2/app/helpers/application_helper.rb": [
        1,
        null
      ],
      "/Users/koombea/Documents/dev/todo2/app/helpers/categories_helper.rb": [
        1,
        null
      ],
      "/Users/koombea/Documents/dev/todo2/app/helpers/home_helper.rb": [
        1,
        null
      ],
      "/Users/koombea/Documents/dev/todo2/app/helpers/lists_helper.rb": [
        1,
        null
      ],
      "/Users/koombea/Documents/dev/todo2/app/helpers/reminders_helper.rb": [
        1,
        null
      ],
      "/Users/koombea/Documents/dev/todo2/app/helpers/tasks_helper.rb": [
        1,
        null
      ],
      "/Users/koombea/Documents/dev/todo2/app/controllers/categories_controller.rb": [
        1,
        1,
        null,
        null,
        1,
        null,
        null,
        1,
        null,
        null
      ],
      "/Users/koombea/Documents/dev/todo2/app/models/category.rb": [
        1,
        1,
        1,
        1,
        null
      ],
      "/Users/koombea/Documents/dev/todo2/app/controllers/home_controller.rb": [
        1,
        1,
        null,
        null
      ],
      "/Users/koombea/Documents/dev/todo2/app/controllers/lists_controller.rb": [
        1,
        1,
        null,
        null,
        1,
        null,
        null,
        1,
        null,
        null,
        1,
        null,
        null,
        1,
        null,
        null,
        1,
        null,
        null
      ],
      "/Users/koombea/Documents/dev/todo2/app/models/list.rb": [
        1,
        1,
        1,
        1,
        1,
        null
      ],
      "/Users/koombea/Documents/dev/todo2/app/controllers/reminders_controller.rb": [
        1,
        1,
        null,
        null,
        1,
        null,
        null,
        1,
        null,
        null
      ],
      "/Users/koombea/Documents/dev/todo2/app/models/reminder.rb": [
        1,
        1,
        1,
        1,
        null
      ],
      "/Users/koombea/Documents/dev/todo2/app/controllers/tasks_controller.rb": [
        1,
        1,
        null,
        null,
        1,
        null,
        null,
        1,
        null,
        null
      ],
      "/Users/koombea/Documents/dev/todo2/app/models/task.rb": [
        1,
        1,
        1,
        1,
        1,
        1,
        null
      ],
      "/Users/koombea/Documents/dev/todo2/app/controllers/users/omniauth_callbacks_controller.rb": [
        1,
        1,
        null,
        0,
        null,
        0,
        0,
        0,
        null,
        0,
        0,
        null,
        null,
        null
      ],
      "/Users/koombea/Documents/dev/todo2/spec/factories.rb": [
        1,
        null,
        1,
        1,
        1,
        1,
        null,
        null,
        1,
        1,
        1,
        1,
        null,
        1,
        1,
        null,
        null,
        null,
        1,
        1,
        1,
        1,
        null,
        1,
        1,
        null,
        null,
        null,
        1,
        1,
        1,
        1,
        1,
        1,
        null,
        1,
        1,
        null,
        null,
        null,
        1,
        1,
        1,
        null,
        1,
        1,
        null,
        null,
        null
      ],
      "/Users/koombea/Documents/dev/todo2/spec/support/controller_macros.rb": [
        1,
        0,
        0,
        0,
        0,
        null,
        null
      ],
      "/Users/koombea/Documents/dev/todo2/spec/support/devise.rb": [
        1,
        1,
        null
      ],
      "/Users/koombea/Documents/dev/todo2/spec/models/list_spec.rb": [
        1,
        null,
        1,
        2,
        2,
        2,
        null
      ],
      "/Users/koombea/Documents/dev/todo2/spec/models/reminder_spec.rb": [
        1,
        null,
        1,
        2,
        2,
        2,
        null
      ],
      "/Users/koombea/Documents/dev/todo2/spec/models/task_spec.rb": [
        1,
        null,
        1,
        2,
        2,
        2,
        2,
        null
      ],
      "/Users/koombea/Documents/dev/todo2/spec/models/user_spec.rb": [
        1,
        null,
        1,
        2,
        2,
        2,
        null
      ]
    },
    "timestamp": 1355323639
  }
}
